[Sun Aug 19 09:35:41 2012] - UnrealIRCd started.
[Sun Aug 19 09:35:41 2012] - TIME SYNCH: IRCd clock succesfully synchronized to known good time source.
[Sun Aug 19 09:40:21 2012] - SAJOIN: Anxiety used SAJOIN to make Boss join #AnxietyNet
[Sun Aug 19 10:18:13 2012] - SAJOIN: Boss used SAJOIN to make Anxiety join #FAG
[Mon Aug 20 02:49:04 2012] - SAJOIN: God used SAJOIN to make Anxiety join ##perl##
[Sun Nov  4 03:19:30 2012] - UnrealIRCd started.
[Sun Nov  4 03:19:30 2012] - TIME SYNCH: IRCd clock succesfully synchronized to known good time source.
[Sun Nov  4 03:21:57 2012] - UnrealIRCd started.
[Sun Nov  4 03:21:57 2012] - TIME SYNCH: IRCd clock succesfully synchronized to known good time source.
[Sun Nov  4 03:32:22 2012] - Permanent Z:Line added for *@74.69.58.44 on Sun Nov  4 00:32:22 2012 GMT (from R0XEM!IceChat7@Awktech.GoV: no reason)
[Sun Nov  4 03:32:42 2012] - R0XEM!IceChat7@Awktech.GoV removed Z:Line *@74.69.58.44 (set at Sun Nov  4 00:32:22 2012 - reason: no reason)
[Sun Nov  4 03:32:57 2012] - SAJOIN: R0XEM used SAJOIN to make GodlyHokage join ##Nix
[Sun Nov  4 03:40:57 2012] - OVERRIDE: GodlyHokage (IceChat77@cpe-74-69-58-44.rochester.res.rr.com) MODE ##Nix + 
[Sun Nov  4 03:41:10 2012] - OVERRIDE: GodlyHokage (IceChat77@cpe-74-69-58-44.rochester.res.rr.com) MODE ##Nix +o GodlyHokage
[Sun Nov  4 03:51:25 2012] - SAJOIN: R0XEM used SAJOIN to make GodlyHokage join #Fag
[Sun Nov  4 03:51:30 2012] - SAJOIN: R0XEM used SAJOIN to make GodlyHokage join #Gay
[Sun Nov  4 03:51:37 2012] - SAJOIN: R0XEM used SAJOIN to make GodlyHokage join #Pussy
[Sun Nov  4 03:51:38 2012] - SAJOIN: R0XEM used SAJOIN to make GodlyHokage join #PussyEater
[Sun Nov  4 03:51:45 2012] - SAJOIN: R0XEM used SAJOIN to make GodlyHokage join #Nigger
[Sun Nov  4 03:53:25 2012] - SAJOIN: R0XEM used SAJOIN to make GodlyHokage join #Piss
[Sun Nov  4 04:02:52 2012] - SAJOIN: R0XEM used SAJOIN to make GodlyHokage join #SuckAssNigga
[Sun Nov  4 04:29:23 2012] - SAJOIN: R0XEM used SAJOIN to make New{US-WN7-x64}6188745 join #AryAN
